Arguments: 
  /usr/local/bin/node /usr/local/Cellar/yarn/1.9.4/libexec/bin/yarn.js init

PATH: 
  /Library/Frameworks/Python.framework/Versions/3.6/bin:/Users/tim/.rvm/gems/ext-ruby-2.3.3/bin:/Users/tim/.rvm/gems/ext-ruby-2.3.3@global/bin:/Users/tim/.rvm/rubies/ext-ruby-2.3.3/bin:/usr/local/bin:/usr/bin:/bin:/usr/sbin:/sbin:/Library/Frameworks/Python.framework/Versions/3.6/bin:/Users/tim/.rvm/gems/ext-ruby-2.3.3/bin:/Users/tim/.rvm/gems/ext-ruby-2.3.3@global/bin:/Users/tim/.rvm/rubies/ext-ruby-2.3.3/bin:/Users/tim/.rvm/bin:/Users/tim/.rvm/bin

Yarn version: 
  1.9.4

Node version: 
  8.11.4

Platform: 
  darwin x64

Trace: 
  SyntaxError: /Users/tim/code/You-Dont-Know-JS/package.json: Unexpected end of JSON input
      at JSON.parse (<anonymous>)
      at /usr/local/Cellar/yarn/1.9.4/libexec/lib/cli.js:1130:59
      at Generator.next (<anonymous>)
      at step (/usr/local/Cellar/yarn/1.9.4/libexec/lib/cli.js:92:30)
      at /usr/local/Cellar/yarn/1.9.4/libexec/lib/cli.js:103:13
      at <anonymous>

npm manifest: 
  

yarn manifest: 
  No manifest

Lockfile: 
  # THIS IS AN AUTOGENERATED FILE. DO NOT EDIT THIS FILE DIRECTLY.
  # yarn lockfile v1
